
COMMAND:
fastly 

TIMESTAMP:
2022-06-04 16:29:53.1432122 +0300 MSK m=+0.258505601

ERROR:
open /home/vo0u/.config/fastly/config.toml: no such file or directory

FILE:
/pkg/config/data.go

LINE:
444


TIMESTAMP:
2022-06-04 16:29:53.2012761 +0300 MSK m=+0.316566401

ERROR:
open fastly.toml: no such file or directory

FILE:
/pkg/manifest/manifest.go

LINE:
324


TIMESTAMP:
2022-06-04 16:29:53.639402 +0300 MSK m=+0.755169901

ERROR:
command not specified

FILE:
/pkg/app/usage.go

LINE:
560


------------------------------


COMMAND:
fastly compute init --from=https://fiddle.fastlydemo.net/fiddle/b485866f

TIMESTAMP:
2022-06-04 23:14:12.5444586 +0300 MSK m=+0.360328501

ERROR:
open fastly.toml: no such file or directory

FILE:
/pkg/manifest/manifest.go

LINE:
324


TIMESTAMP:
2022-06-04 23:15:07.0026833 +0300 MSK m=+54.819615501

ERROR:
stat https://fiddle.fastlydemo.net/fiddle/b485866f: no such file or directory

FILE:
/pkg/commands/compute/init.go

LINE:
532


------------------------------


COMMAND:
fastly compute publish

TIMESTAMP:
2022-06-04 23:39:16.7622264 +0300 MSK m=+16.785494201

ERROR:
no token provided

FILE:
/pkg/commands/compute/publish.go

LINE:
130


------------------------------


COMMAND:
fastly profile

TIMESTAMP:
2022-06-04 23:39:32.3832381 +0300 MSK m=+0.962624301

ERROR:
must select a subcommand of 'profile'

FILE:
/pkg/app/usage.go

LINE:
560


------------------------------


COMMAND:
fastly serve

TIMESTAMP:
2022-06-04 23:45:48.3053763 +0300 MSK m=+1.195943401

ERROR:
expected command but got serve

FILE:
/pkg/app/usage.go

LINE:
560


------------------------------


COMMAND:
fastly completions

TIMESTAMP:
2022-06-04 23:46:44.5645754 +0300 MSK m=+0.864936901

ERROR:
expected command but got completions

FILE:
/pkg/app/usage.go

LINE:
560


------------------------------


COMMAND:
fastly completion

TIMESTAMP:
2022-06-04 23:46:48.255268 +0300 MSK m=+0.883499601

ERROR:
expected command but got completion

FILE:
/pkg/app/usage.go

LINE:
560


------------------------------


COMMAND:
fastly profile

TIMESTAMP:
2022-06-04 23:47:32.2287989 +0300 MSK m=+0.976751301

ERROR:
must select a subcommand of 'profile'

FILE:
/pkg/app/usage.go

LINE:
560


------------------------------


COMMAND:
fastly compute serve

TIMESTAMP:
2022-06-04 23:51:25.8441186 +0300 MSK m=+7.066438401

ERROR:
fork/exec /home/vo0u/.config/fastly/viceroy: no such file or directory

FILE:
/pkg/commands/compute/serve.go

LINE:
194


TIMESTAMP:
2022-06-04 23:51:41.2712511 +0300 MSK m=+22.492626501

ERROR:
error during execution process:

qemu-aarch64: Could not open '/lib/ld-linux-aarch64.so.1': No such file or directory

FILE:
/pkg/commands/compute/serve.go

LINE:
474


------------------------------


COMMAND:
fastly compute serve

TIMESTAMP:
2022-06-04 23:53:34.2520605 +0300 MSK m=+6.513817101

ERROR:
exit status 255

FILE:
/pkg/commands/compute/serve.go

LINE:
194


TIMESTAMP:
2022-06-04 23:53:44.6476915 +0300 MSK m=+16.909450301

ERROR:
error during execution process:

qemu-aarch64: Could not open '/lib/ld-linux-aarch64.so.1': No such file or directory

FILE:
/pkg/commands/compute/serve.go

LINE:
474


------------------------------


COMMAND:
fastly compute serve

TIMESTAMP:
2022-06-04 23:54:37.080201 +0300 MSK m=+7.070617601

ERROR:
exit status 255

FILE:
/pkg/commands/compute/serve.go

LINE:
194


TIMESTAMP:
2022-06-04 23:54:50.5693045 +0300 MSK m=+20.559722801

ERROR:
error during execution process:

qemu-aarch64: Could not open '/lib/ld-linux-aarch64.so.1': No such file or directory

FILE:
/pkg/commands/compute/serve.go

LINE:
474


------------------------------


COMMAND:
fastly compute serve

TIMESTAMP:
2022-06-04 23:57:24.6795838 +0300 MSK m=+7.649641501

ERROR:
exit status 255

FILE:
/pkg/commands/compute/serve.go

LINE:
194


TIMESTAMP:
2022-06-04 23:57:31.6452545 +0300 MSK m=+14.612578101

ERROR:
error during execution process:

qemu-aarch64: Could not open '/lib/ld-linux-aarch64.so.1': No such file or directory

FILE:
/pkg/commands/compute/serve.go

LINE:
474


------------------------------


COMMAND:
fastly compute serve

TIMESTAMP:
2022-06-04 23:57:52.6201544 +0300 MSK m=+6.730176301

ERROR:
exit status 255

FILE:
/pkg/commands/compute/serve.go

LINE:
194


TIMESTAMP:
2022-06-04 23:58:00.5837667 +0300 MSK m=+14.694522701

ERROR:
error during execution process:

qemu-aarch64: /lib/ld-linux-aarch64.so.1: Invalid ELF image for this architecture

FILE:
/pkg/commands/compute/serve.go

LINE:
474


------------------------------


COMMAND:
fastly compute serve

TIMESTAMP:
2022-06-05 00:05:08.2240099 +0300 MSK m=+7.585059301

ERROR:
exit status 127

FILE:
/pkg/commands/compute/serve.go

LINE:
194


TIMESTAMP:
2022-06-05 00:05:19.1719071 +0300 MSK m=+18.532957101

ERROR:
error during execution process:

/home/vo0u/.config/fastly/viceroy: error while loading shared libraries: libgcc_s.so.1: cannot open shared object file: No such file or directory

FILE:
/pkg/commands/compute/serve.go

LINE:
474


------------------------------


COMMAND:
fastly compute serve

TIMESTAMP:
2022-06-05 00:07:16.9879921 +0300 MSK m=+6.754443901

ERROR:
exit status 127

FILE:
/pkg/commands/compute/serve.go

LINE:
194


TIMESTAMP:
2022-06-05 00:07:27.4638651 +0300 MSK m=+17.230318101

ERROR:
error during execution process:

/home/vo0u/.config/fastly/viceroy: error while loading shared libraries: libgcc_s.so.1: cannot open shared object file: No such file or directory

FILE:
/pkg/commands/compute/serve.go

LINE:
474


------------------------------


COMMAND:
fastly compute serve

TIMESTAMP:
2022-06-05 00:08:27.2655252 +0300 MSK m=+6.792299601

ERROR:
exit status 127

FILE:
/pkg/commands/compute/serve.go

LINE:
194


TIMESTAMP:
2022-06-05 00:08:35.8618875 +0300 MSK m=+15.389068801

ERROR:
error during execution process:

/home/vo0u/.config/fastly/viceroy: error while loading shared libraries: libgcc_s.so.1: cannot open shared object file: No such file or directory

FILE:
/pkg/commands/compute/serve.go

LINE:
474


------------------------------


COMMAND:
fastly compute serve -d

TIMESTAMP:
2022-06-05 00:13:18.6627663 +0300 MSK m=+6.555851501

ERROR:
exit status 127

FILE:
/pkg/commands/compute/serve.go

LINE:
194


TIMESTAMP:
2022-06-05 00:13:28.2650739 +0300 MSK m=+16.158159301

ERROR:
error during execution process:

/home/vo0u/.config/fastly/viceroy: error while loading shared libraries: libgcc_s.so.1: cannot open shared object file: No such file or directory

FILE:
/pkg/commands/compute/serve.go

LINE:
474


------------------------------


COMMAND:
fastly compute serve --skip-build

TIMESTAMP:
2022-06-05 00:13:47.0864819 +0300 MSK m=+0.869821601

ERROR:
exit status 127

FILE:
/pkg/commands/compute/serve.go

LINE:
194


TIMESTAMP:
2022-06-05 00:14:00.4546266 +0300 MSK m=+14.237441501

ERROR:
error during execution process:

/home/vo0u/.config/fastly/viceroy: error while loading shared libraries: libgcc_s.so.1: cannot open shared object file: No such file or directory

FILE:
/pkg/commands/compute/serve.go

LINE:
474


------------------------------


COMMAND:
fastly compute serve --skip-build

TIMESTAMP:
2022-06-05 00:15:19.8250422 +0300 MSK m=+1.051777401

ERROR:
exit status 127

FILE:
/pkg/commands/compute/serve.go

LINE:
194


TIMESTAMP:
2022-06-05 00:15:32.9372867 +0300 MSK m=+14.164368601

ERROR:
error during execution process:

/home/vo0u/.config/fastly/viceroy: error while loading shared libraries: libgcc_s.so.1: cannot open shared object file: No such file or directory

FILE:
/pkg/commands/compute/serve.go

LINE:
474


------------------------------


COMMAND:
fastly compute serve --skip-build

TIMESTAMP:
2022-06-05 01:25:11.9910804 +0300 MSK m=+1.981405301

ERROR:
exit status 127

FILE:
/pkg/commands/compute/serve.go

LINE:
194


TIMESTAMP:
2022-06-05 01:25:22.8292833 +0300 MSK m=+12.819607401

ERROR:
error during execution process:

/home/vo0u/.config/fastly/viceroy: error while loading shared libraries: libgcc_s.so.1: cannot open shared object file: No such file or directory

FILE:
/pkg/commands/compute/serve.go

LINE:
474


------------------------------


COMMAND:
fastly compute serve --skip-build

TIMESTAMP:
2022-06-05 03:30:42.8276941 +0300 MSK m=+2.045857601

ERROR:
exit status 127

FILE:
/pkg/commands/compute/serve.go

LINE:
194


TIMESTAMP:
2022-06-05 03:30:51.4771471 +0300 MSK m=+10.695312101

ERROR:
error during execution process:

/home/vo0u/.config/fastly/viceroy: error while loading shared libraries: libgcc_s.so.1: cannot open shared object file: No such file or directory

FILE:
/pkg/commands/compute/serve.go

LINE:
474


------------------------------


COMMAND:
fastly compute serve --skip-build

TIMESTAMP:
2022-06-05 04:24:26.337552 +0300 MSK m=+1.565886901

ERROR:
exit status 127

FILE:
/pkg/commands/compute/serve.go

LINE:
194


TIMESTAMP:
2022-06-05 04:24:33.5744673 +0300 MSK m=+8.802802201

ERROR:
error during execution process:

/home/vo0u/.config/fastly/viceroy: error while loading shared libraries: libgcc_s.so.1: cannot open shared object file: No such file or directory

FILE:
/pkg/commands/compute/serve.go

LINE:
474


------------------------------


COMMAND:
fastly --completion-script-zsh

TIMESTAMP:
2022-06-05 04:34:58.1240786 +0300 MSK m=+0.744470301

ERROR:
open fastly.toml: no such file or directory

FILE:
/pkg/manifest/manifest.go

LINE:
324


------------------------------


COMMAND:
fastly --completion-script-zsh

TIMESTAMP:
2022-06-05 04:36:25.2755948 +0300 MSK m=+0.448197601

ERROR:
open fastly.toml: no such file or directory

FILE:
/pkg/manifest/manifest.go

LINE:
324


------------------------------


COMMAND:
fastly --completion-bash

TIMESTAMP:
2022-06-05 04:36:56.000449 +0300 MSK m=+0.603445601

ERROR:
open fastly.toml: no such file or directory

FILE:
/pkg/manifest/manifest.go

LINE:
324


------------------------------


COMMAND:
fastly --completion-bash

TIMESTAMP:
2022-06-05 04:37:01.4044278 +0300 MSK m=+0.608633401

ERROR:
open fastly.toml: no such file or directory

FILE:
/pkg/manifest/manifest.go

LINE:
324


------------------------------


COMMAND:
fastly update

TIMESTAMP:
2022-06-05 04:37:08.6012042 +0300 MSK m=+0.906881801

ERROR:
open fastly.toml: no such file or directory

FILE:
/pkg/manifest/manifest.go

LINE:
324


------------------------------


COMMAND:
fastly --completion-bash update

TIMESTAMP:
2022-06-05 04:37:15.9079558 +0300 MSK m=+1.306256001

ERROR:
open fastly.toml: no such file or directory

FILE:
/pkg/manifest/manifest.go

LINE:
324


------------------------------


COMMAND:
fastly --completion-bash update

TIMESTAMP:
2022-06-05 04:37:19.5111078 +0300 MSK m=+1.300837501

ERROR:
open fastly.toml: no such file or directory

FILE:
/pkg/manifest/manifest.go

LINE:
324


------------------------------


COMMAND:
fastly --completion-bash update

TIMESTAMP:
2022-06-05 04:37:22.4887885 +0300 MSK m=+1.171189901

ERROR:
open fastly.toml: no such file or directory

FILE:
/pkg/manifest/manifest.go

LINE:
324


------------------------------


COMMAND:
fastly update

TIMESTAMP:
2022-06-05 04:37:25.4819788 +0300 MSK m=+0.737990101

ERROR:
open fastly.toml: no such file or directory

FILE:
/pkg/manifest/manifest.go

LINE:
324


------------------------------


COMMAND:
fastly --completion-bash

TIMESTAMP:
2022-06-05 04:37:34.6525638 +0300 MSK m=+0.643681101

ERROR:
open fastly.toml: no such file or directory

FILE:
/pkg/manifest/manifest.go

LINE:
324


------------------------------


COMMAND:
fastly --completion-bash

TIMESTAMP:
2022-06-05 04:37:38.6590677 +0300 MSK m=+0.556578601

ERROR:
open fastly.toml: no such file or directory

FILE:
/pkg/manifest/manifest.go

LINE:
324


------------------------------


COMMAND:
fastly acl

TIMESTAMP:
2022-06-05 04:37:41.3244519 +0300 MSK m=+0.351385901

ERROR:
open fastly.toml: no such file or directory

FILE:
/pkg/manifest/manifest.go

LINE:
324


TIMESTAMP:
2022-06-05 04:37:41.8684932 +0300 MSK m=+0.895429201

ERROR:
must select a subcommand of 'acl'

FILE:
/pkg/app/usage.go

LINE:
560


------------------------------


COMMAND:
fastly --completion-bash

TIMESTAMP:
2022-06-05 04:37:54.8393869 +0300 MSK m=+0.366873801

ERROR:
open fastly.toml: no such file or directory

FILE:
/pkg/manifest/manifest.go

LINE:
324


------------------------------


COMMAND:
fastly --completion-bash

TIMESTAMP:
2022-06-05 04:37:56.7860171 +0300 MSK m=+0.373349401

ERROR:
open fastly.toml: no such file or directory

FILE:
/pkg/manifest/manifest.go

LINE:
324


------------------------------


COMMAND:
fastly --completion-bash purge

TIMESTAMP:
2022-06-05 04:38:10.5367897 +0300 MSK m=+0.547040801

ERROR:
open fastly.toml: no such file or directory

FILE:
/pkg/manifest/manifest.go

LINE:
324


------------------------------


COMMAND:
fastly purge

TIMESTAMP:
2022-06-05 04:38:13.0786619 +0300 MSK m=+0.348367801

ERROR:
open fastly.toml: no such file or directory

FILE:
/pkg/manifest/manifest.go

LINE:
324


TIMESTAMP:
2022-06-05 04:38:13.5201609 +0300 MSK m=+0.789868201

ERROR:
error reading service: no service ID found

FILE:
/pkg/cmd/cmd.go

LINE:
171


------------------------------


COMMAND:
fastly --completion-bash

TIMESTAMP:
2022-06-05 04:38:19.6348559 +0300 MSK m=+0.354006901

ERROR:
open fastly.toml: no such file or directory

FILE:
/pkg/manifest/manifest.go

LINE:
324


------------------------------


COMMAND:
fastly --completion-bash

TIMESTAMP:
2022-06-05 04:38:21.6563912 +0300 MSK m=+0.351106901

ERROR:
open fastly.toml: no such file or directory

FILE:
/pkg/manifest/manifest.go

LINE:
324


------------------------------


COMMAND:
fastly --completion-bash compute se

TIMESTAMP:
2022-06-05 04:38:40.2872663 +0300 MSK m=+0.487973501

ERROR:
open fastly.toml: no such file or directory

FILE:
/pkg/manifest/manifest.go

LINE:
324


------------------------------


COMMAND:
fastly --completion-bash compute serve

TIMESTAMP:
2022-06-05 04:38:42.0167736 +0300 MSK m=+0.354657701

ERROR:
open fastly.toml: no such file or directory

FILE:
/pkg/manifest/manifest.go

LINE:
324


------------------------------


COMMAND:
fastly --completion-bash compute serve ~/P

TIMESTAMP:
2022-06-05 04:38:52.9556202 +0300 MSK m=+0.453650401

ERROR:
open fastly.toml: no such file or directory

FILE:
/pkg/manifest/manifest.go

LINE:
324


------------------------------


COMMAND:
fastly --completion-bash compute serve ~/P

TIMESTAMP:
2022-06-05 04:38:53.9149951 +0300 MSK m=+0.346220901

ERROR:
open fastly.toml: no such file or directory

FILE:
/pkg/manifest/manifest.go

LINE:
324


------------------------------


COMMAND:
fastly --completion-bash compute serve ~/P

TIMESTAMP:
2022-06-05 04:38:55.1326698 +0300 MSK m=+0.381289001

ERROR:
open fastly.toml: no such file or directory

FILE:
/pkg/manifest/manifest.go

LINE:
324


------------------------------


COMMAND:
fastly --completion-bash compute serve ~/Pr

TIMESTAMP:
2022-06-05 04:38:57.1011594 +0300 MSK m=+0.380679301

ERROR:
open fastly.toml: no such file or directory

FILE:
/pkg/manifest/manifest.go

LINE:
324


------------------------------


COMMAND:
fastly --completion-bash compute serve ~/Pr

TIMESTAMP:
2022-06-05 04:38:58.0661102 +0300 MSK m=+0.359234201

ERROR:
open fastly.toml: no such file or directory

FILE:
/pkg/manifest/manifest.go

LINE:
324


------------------------------


COMMAND:
fastly --completion-bash compute serve ~/Pr

TIMESTAMP:
2022-06-05 04:38:59.2698092 +0300 MSK m=+0.350108701

ERROR:
open fastly.toml: no such file or directory

FILE:
/pkg/manifest/manifest.go

LINE:
324


------------------------------


COMMAND:
fastly compute serve --skip-build

TIMESTAMP:
2022-06-05 04:39:28.5043005 +0300 MSK m=+0.979176201

ERROR:
exit status 127

FILE:
/pkg/commands/compute/serve.go

LINE:
194


TIMESTAMP:
2022-06-05 04:39:35.5866985 +0300 MSK m=+8.061574801

ERROR:
error during execution process:

/home/vo0u/.config/fastly/viceroy: error while loading shared libraries: libgcc_s.so.1: cannot open shared object file: No such file or directory

FILE:
/pkg/commands/compute/serve.go

LINE:
474


------------------------------


COMMAND:
fastly compute serve --skip-build

TIMESTAMP:
2022-06-05 04:40:38.1457531 +0300 MSK m=+0.864630501

ERROR:
exit status 127

FILE:
/pkg/commands/compute/serve.go

LINE:
194


TIMESTAMP:
2022-06-05 04:40:45.3394637 +0300 MSK m=+8.058340901

ERROR:
error during execution process:

/home/vo0u/.config/fastly/viceroy: error while loading shared libraries: libgcc_s.so.1: cannot open shared object file: No such file or directory

FILE:
/pkg/commands/compute/serve.go

LINE:
474


------------------------------


COMMAND:
fastly compute serve --skip-build

TIMESTAMP:
2022-06-05 04:41:49.8821211 +0300 MSK m=+3.269981101

ERROR:
exit status 127

FILE:
/pkg/commands/compute/serve.go

LINE:
194


TIMESTAMP:
2022-06-05 04:42:02.2286449 +0300 MSK m=+15.616505201

ERROR:
error during execution process:

/home/vo0u/.config/fastly/viceroy: error while loading shared libraries: libgcc_s.so.1: cannot open shared object file: No such file or directory

FILE:
/pkg/commands/compute/serve.go

LINE:
474


------------------------------


COMMAND:
fastly --completion-script-zsh

TIMESTAMP:
2022-06-05 04:44:05.6404125 +0300 MSK m=+0.384944301

ERROR:
open fastly.toml: no such file or directory

FILE:
/pkg/manifest/manifest.go

LINE:
324


------------------------------


COMMAND:
fastly compute serve --skip-build

TIMESTAMP:
2022-06-05 04:52:11.0910447 +0300 MSK m=+3.381578601

ERROR:
exit status 127

FILE:
/pkg/commands/compute/serve.go

LINE:
194


TIMESTAMP:
2022-06-05 04:52:25.743332 +0300 MSK m=+18.033866301

ERROR:
error during execution process:

/home/vo0u/.config/fastly/viceroy: error while loading shared libraries: libgcc_s.so.1: cannot open shared object file: No such file or directory

FILE:
/pkg/commands/compute/serve.go

LINE:
474


------------------------------


COMMAND:
fastly --completion-bash

TIMESTAMP:
2022-06-05 04:53:03.554017 +0300 MSK m=+0.017992801

ERROR:
open fastly.toml: no such file or directory

FILE:
/pkg/manifest/manifest.go

LINE:
324


------------------------------


COMMAND:
fastly --completion-bash

TIMESTAMP:
2022-06-05 04:53:04.7758358 +0300 MSK m=+0.020319501

ERROR:
open fastly.toml: no such file or directory

FILE:
/pkg/manifest/manifest.go

LINE:
324


------------------------------


COMMAND:
fastly update

TIMESTAMP:
2022-06-05 04:53:13.7649 +0300 MSK m=+0.047899401

ERROR:
open fastly.toml: no such file or directory

FILE:
/pkg/manifest/manifest.go

LINE:
324


------------------------------


COMMAND:
fastly compute serve --skip-build

TIMESTAMP:
2022-06-05 04:54:04.8633205 +0300 MSK m=+0.060194301

ERROR:
exit status 127

FILE:
/pkg/commands/compute/serve.go

LINE:
194


TIMESTAMP:
2022-06-05 04:54:26.168656 +0300 MSK m=+21.366460401

ERROR:
error during execution process:
     

signal: interrupt

FILE:
/pkg/commands/compute/serve.go

LINE:
474


------------------------------


COMMAND:
fastly --completion-script-zsh

TIMESTAMP:
2022-06-05 04:54:40.0163383 +0300 MSK m=+0.014973101

ERROR:
open fastly.toml: no such file or directory

FILE:
/pkg/manifest/manifest.go

LINE:
324


------------------------------


COMMAND:
fastly --completion-script-zsh

TIMESTAMP:
2022-06-05 05:07:27.3061126 +0300 MSK m=+0.016746701

ERROR:
open fastly.toml: no such file or directory

FILE:
/pkg/manifest/manifest.go

LINE:
324


------------------------------


COMMAND:
fastly --completion-script-zsh

TIMESTAMP:
2022-06-05 05:10:16.9587272 +0300 MSK m=+0.030074601

ERROR:
open fastly.toml: no such file or directory

FILE:
/pkg/manifest/manifest.go

LINE:
324


------------------------------


COMMAND:
fastly compute serve

TIMESTAMP:
2022-06-05 05:14:11.7440113 +0300 MSK m=+860.384643101

ERROR:
error during execution process:
     Jun 05 05:00:26.251  INFO checking if backend 'origin_0' is up
     Jun 05 05:00:27.490  INFO backend 'origin_0' is up
     Jun 05 05:00:27.490  INFO Listening on http://127.0.0.1:7676
     

signal: killed

FILE:
/pkg/commands/compute/serve.go

LINE:
474


------------------------------


COMMAND:
fastly --completion-script-zsh

TIMESTAMP:
2022-06-05 05:16:55.6155391 +0300 MSK m=+0.035411401

ERROR:
open fastly.toml: no such file or directory

FILE:
/pkg/manifest/manifest.go

LINE:
324


------------------------------


COMMAND:
fastly compute serve

TIMESTAMP:
2022-06-05 05:34:10.5493265 +0300 MSK m=+374.140151401

ERROR:
error during execution process:

Jun 05 05:29:39.441 ERROR request{id=0}: Hostcall yielded an error: GeoIP is not currently supported for local testing
Exception while dispatching FetchEvent
: (new Error("get_geo_info: Generic error value. This means that some unexpected error occurred during a hostcall. - Fastly error code 1\n", "<stdin>", 1))
  @<stdin>:1:90
  @<stdin>:1:329

Jun 05 05:29:39.888 ERROR request{id=1}: Hostcall yielded an error: GeoIP is not currently supported for local testing
Exception while dispatching FetchEvent
: (new Error("get_geo_info: Generic error value. This means that some unexpected error occurred during a hostcall. - Fastly error code 1\n", "<stdin>", 1))
  @<stdin>:1:90
  @<stdin>:1:329

Jun 05 05:29:50.399 ERROR request{id=2}: Hostcall yielded an error: GeoIP is not currently supported for local testing
Exception while dispatching FetchEvent
: (new Error("get_geo_info: Generic error value. This means that some unexpected error occurred during a hostcall. - Fastly error code 1\n", "<stdin>", 1))
  @<stdin>:1:90
  @<stdin>:1:329

Jun 05 05:29:50.476 ERROR request{id=3}: Hostcall yielded an error: GeoIP is not currently supported for local testing
Exception while dispatching FetchEvent
: (new Error("get_geo_info: Generic error value. This means that some unexpected error occurred during a hostcall. - Fastly error code 1\n", "<stdin>", 1))
  @<stdin>:1:90
  @<stdin>:1:329

Jun 05 05:30:24.081 ERROR request{id=4}: Hostcall yielded an error: GeoIP is not currently supported for local testing
Exception while dispatching FetchEvent
: (new Error("get_geo_info: Generic error value. This means that some unexpected error occurred during a hostcall. - Fastly error code 1\n", "<stdin>", 1))
  @<stdin>:1:90
  @<stdin>:1:329

Jun 05 05:30:24.144 ERROR request{id=5}: Hostcall yielded an error: GeoIP is not currently supported for local testing
Exception while dispatching FetchEvent
: (new Error("get_geo_info: Generic error value. This means that some unexpected error occurred during a hostcall. - Fastly error code 1\n", "<stdin>", 1))
  @<stdin>:1:90
  @<stdin>:1:329

Jun 05 05:33:38.732 ERROR request{id=6}: Hostcall yielded an error: GeoIP is not currently supported for local testing
Exception while dispatching FetchEvent
: (new Error("get_geo_info: Generic error value. This means that some unexpected error occurred during a hostcall. - Fastly error code 1\n", "<stdin>", 1))
  @<stdin>:1:90
  @<stdin>:1:329

Jun 05 05:33:39.217 ERROR request{id=7}: Hostcall yielded an error: GeoIP is not currently supported for local testing
Exception while dispatching FetchEvent
: (new Error("get_geo_info: Generic error value. This means that some unexpected error occurred during a hostcall. - Fastly error code 1\n", "<stdin>", 1))
  @<stdin>:1:90
  @<stdin>:1:329

Jun 05 05:34:05.549 ERROR request{id=8}: Hostcall yielded an error: GeoIP is not currently supported for local testing
Exception while dispatching FetchEvent
: (new Error("get_geo_info: Generic error value. This means that some unexpected error occurred during a hostcall. - Fastly error code 1\n", "<stdin>", 1))
  @<stdin>:1:90
  @<stdin>:1:329

Jun 05 05:34:06.051 ERROR request{id=9}: Hostcall yielded an error: GeoIP is not currently supported for local testing
Exception while dispatching FetchEvent
: (new Error("get_geo_info: Generic error value. This means that some unexpected error occurred during a hostcall. - Fastly error code 1\n", "<stdin>", 1))
  @<stdin>:1:90
  @<stdin>:1:329

FILE:
/pkg/commands/compute/serve.go

LINE:
474


------------------------------


COMMAND:
fastly compute publish

TIMESTAMP:
2022-06-05 05:34:26.4968505 +0300 MSK m=+4.204932301

ERROR:
error reading service: no service ID found

FILE:
/pkg/cmd/cmd.go

LINE:
171


TIMESTAMP:
2022-06-05 05:34:30.8816819 +0300 MSK m=+8.589764601

ERROR:
409 - Conflict:

    Title:  Duplicate record
    Detail: Name 'get-geo' already taken for customer '2MYsRjS5C10D92ft05MEt4'

FILE:
/pkg/commands/compute/deploy.go

LINE:
648


  Package Name: get-geo

TIMESTAMP:
2022-06-05 05:34:30.8819586 +0300 MSK m=+8.590040801

ERROR:
error creating service: 409 - Conflict:

    Title:  Duplicate record
    Detail: Name 'get-geo' already taken for customer '2MYsRjS5C10D92ft05MEt4'

FILE:
/pkg/commands/compute/deploy.go

LINE:
586


  Package name: get-geo

TIMESTAMP:
2022-06-05 05:34:30.8819862 +0300 MSK m=+8.590068201

ERROR:
error creating service: 409 - Conflict:

    Title:  Duplicate record
    Detail: Name 'get-geo' already taken for customer '2MYsRjS5C10D92ft05MEt4'

FILE:
/pkg/commands/compute/publish.go

LINE:
130


------------------------------


COMMAND:
fastly compute publish

TIMESTAMP:
2022-06-05 05:34:43.5082812 +0300 MSK m=+4.182701401

ERROR:
error reading service: no service ID found

FILE:
/pkg/cmd/cmd.go

LINE:
171


------------------------------


COMMAND:
fastly --completion-script-zsh

TIMESTAMP:
2022-06-05 05:54:08.9325961 +0300 MSK m=+0.012546901

ERROR:
open fastly.toml: no such file or directory

FILE:
/pkg/manifest/manifest.go

LINE:
324


------------------------------


COMMAND:
fastly version

TIMESTAMP:
2022-06-05 05:54:21.84536 +0300 MSK m=+0.013587801

ERROR:
open fastly.toml: no such file or directory

FILE:
/pkg/manifest/manifest.go

LINE:
324


------------------------------


COMMAND:
fastly profile create -t

TIMESTAMP:
2022-06-05 05:55:39.0318564 +0300 MSK m=+0.014528101

ERROR:
open fastly.toml: no such file or directory

FILE:
/pkg/manifest/manifest.go

LINE:
324


TIMESTAMP:
2022-06-05 05:55:39.036822 +0300 MSK m=+0.019494301

ERROR:
expected argument for flag '-t'

FILE:
/pkg/app/usage.go

LINE:
560


------------------------------


COMMAND:
fastly profile create --tpken

TIMESTAMP:
2022-06-05 05:55:48.0379 +0300 MSK m=+0.014723101

ERROR:
open fastly.toml: no such file or directory

FILE:
/pkg/manifest/manifest.go

LINE:
324


TIMESTAMP:
2022-06-05 05:55:48.0429527 +0300 MSK m=+0.019776301

ERROR:
unknown long flag '--tpken'

FILE:
/pkg/app/usage.go

LINE:
560


------------------------------


COMMAND:
fastly profile create --token

TIMESTAMP:
2022-06-05 05:55:53.0505456 +0300 MSK m=+0.014064501

ERROR:
open fastly.toml: no such file or directory

FILE:
/pkg/manifest/manifest.go

LINE:
324


TIMESTAMP:
2022-06-05 05:55:53.0543488 +0300 MSK m=+0.017868401

ERROR:
expected argument for flag '--token'

FILE:
/pkg/app/usage.go

LINE:
560


------------------------------


COMMAND:
fastly profile create --token=

TIMESTAMP:
2022-06-05 05:56:03.3723869 +0300 MSK m=+0.017212701

ERROR:
open fastly.toml: no such file or directory

FILE:
/pkg/manifest/manifest.go

LINE:
324


------------------------------


COMMAND:
fastly --completion-script-zsh

TIMESTAMP:
2022-06-05 05:57:56.6221258 +0300 MSK m=+0.051218501

ERROR:
open fastly.toml: no such file or directory

FILE:
/pkg/manifest/manifest.go

LINE:
324


------------------------------


COMMAND:
fastly --completion-script-zsh

TIMESTAMP:
2022-06-05 07:27:14.7421748 +0300 MSK m=+0.016749901

ERROR:
open fastly.toml: no such file or directory

FILE:
/pkg/manifest/manifest.go

LINE:
324


------------------------------


COMMAND:
fastly --completion-script-zsh

TIMESTAMP:
2022-06-05 07:40:18.9781681 +0300 MSK m=+0.014538001

ERROR:
open fastly.toml: no such file or directory

FILE:
/pkg/manifest/manifest.go

LINE:
324


------------------------------


COMMAND:
fastly --completion-script-zsh

TIMESTAMP:
2022-06-05 08:24:44.2405069 +0300 MSK m=+0.017043301

ERROR:
open fastly.toml: no such file or directory

FILE:
/pkg/manifest/manifest.go

LINE:
324


------------------------------


COMMAND:
fastly compute init--directoryfastly

TIMESTAMP:
2022-06-05 08:31:51.5511128 +0300 MSK m=+0.024725101

ERROR:
expected command but got init--directoryfastly

FILE:
/pkg/app/usage.go

LINE:
560


------------------------------


COMMAND:
fastly compute init --directory fastly

TIMESTAMP:
2022-06-05 08:32:03.8367045 +0300 MSK m=+0.021818601

ERROR:
open /home/vo0u/Projects/fastly/fastly: no such file or directory

FILE:
/pkg/commands/compute/init.go

LINE:
84


------------------------------


COMMAND:
fastly compute init --directory fastly-wasm

TIMESTAMP:
2022-06-05 08:32:44.5143824 +0300 MSK m=+0.016220501

ERROR:
open /home/vo0u/Projects/fastly/fastly-wasm: no such file or directory

FILE:
/pkg/commands/compute/init.go

LINE:
84


------------------------------


COMMAND:
fastly compute init

TIMESTAMP:
2022-06-05 08:33:40.1254299 +0300 MSK m=+0.017047601

ERROR:
open fastly.toml: no such file or directory

FILE:
/pkg/manifest/manifest.go

LINE:
324


TIMESTAMP:
2022-06-05 08:34:10.7846058 +0300 MSK m=+30.676305701

ERROR:
stat https://github.com/fastly/compute-starter-kit-assemblyscript-default: no such file or directory

FILE:
/pkg/commands/compute/init.go

LINE:
532


------------------------------


COMMAND:
fastly --completion-script-zsh

TIMESTAMP:
2022-06-05 08:35:56.8840061 +0300 MSK m=+0.033531701

ERROR:
open fastly.toml: no such file or directory

FILE:
/pkg/manifest/manifest.go

LINE:
324


------------------------------


COMMAND:
fastly --completion-script-zsh

TIMESTAMP:
2022-06-05 08:38:21.7591585 +0300 MSK m=+0.067544301

ERROR:
open fastly.toml: no such file or directory

FILE:
/pkg/manifest/manifest.go

LINE:
324


------------------------------


COMMAND:
fastly compute publish

TIMESTAMP:
2022-06-05 09:00:00.974911 +0300 MSK m=+24.659512901

ERROR:
error reading service: no service ID found

FILE:
/pkg/cmd/cmd.go

LINE:
171


------------------------------


COMMAND:
fastly compute publish

TIMESTAMP:
2022-06-05 09:00:33.994315 +0300 MSK m=+24.250469301

ERROR:
error reading service: no service ID found

FILE:
/pkg/cmd/cmd.go

LINE:
171


TIMESTAMP:
2022-06-05 09:00:38.0255797 +0300 MSK m=+28.281734101

ERROR:
404 - Not Found:

    Title:  Record not found
    Detail: Cannot find 'service'

FILE:
/pkg/commands/compute/deploy.go

LINE:
648


  Package Name: fastly-wasm

TIMESTAMP:
2022-06-05 09:00:38.0260534 +0300 MSK m=+28.282208201

ERROR:
error creating service: 404 - Not Found:

    Title:  Record not found
    Detail: Cannot find 'service'

FILE:
/pkg/commands/compute/deploy.go

LINE:
586


  Package name: fastly-wasm

TIMESTAMP:
2022-06-05 09:00:38.0260778 +0300 MSK m=+28.282232401

ERROR:
error creating service: 404 - Not Found:

    Title:  Record not found
    Detail: Cannot find 'service'

FILE:
/pkg/commands/compute/publish.go

LINE:
130


------------------------------


COMMAND:
fastly compute publish

TIMESTAMP:
2022-06-05 09:01:53.5092082 +0300 MSK m=+30.011870401

ERROR:
error reading service: no service ID found

FILE:
/pkg/cmd/cmd.go

LINE:
171


TIMESTAMP:
2022-06-05 09:02:29.6599524 +0300 MSK m=+66.164020601

ERROR:
404 - Not Found:

    Title:  Record not found
    Detail: Cannot find 'service'

FILE:
/pkg/commands/compute/deploy.go

LINE:
648


  Package Name: fastly-wasm

TIMESTAMP:
2022-06-05 09:02:29.6600389 +0300 MSK m=+66.164107201

ERROR:
error creating service: 404 - Not Found:

    Title:  Record not found
    Detail: Cannot find 'service'

FILE:
/pkg/commands/compute/deploy.go

LINE:
586


  Package name: fastly-wasm

TIMESTAMP:
2022-06-05 09:02:29.6600459 +0300 MSK m=+66.164114201

ERROR:
error creating service: 404 - Not Found:

    Title:  Record not found
    Detail: Cannot find 'service'

FILE:
/pkg/commands/compute/publish.go

LINE:
130


------------------------------


COMMAND:
fastly compute publish

TIMESTAMP:
2022-06-05 09:03:26.3724614 +0300 MSK m=+24.306388301

ERROR:
error reading service: no service ID found

FILE:
/pkg/cmd/cmd.go

LINE:
171


------------------------------


COMMAND:
fastly compute build

TIMESTAMP:
2022-06-05 10:00:16.9608856 +0300 MSK m=+5.714771901

ERROR:
error during execution process:

ERROR TS2355: A function whose declared type is not 'void' must return a value.

 function main(req: Request): Response {
                              ~~~~~~~~
 in assembly/index.ts(12,30)

FAILURE 1 compile error(s)

FILE:
/pkg/commands/compute/language_assemblyscript.go

LINE:
127


TIMESTAMP:
2022-06-05 10:00:16.9609181 +0300 MSK m=+5.714804301

ERROR:
error during execution process:

ERROR TS2355: A function whose declared type is not 'void' must return a value.

 function main(req: Request): Response {
                              ~~~~~~~~
 in assembly/index.ts(12,30)

FAILURE 1 compile error(s)

FILE:
/pkg/commands/compute/build.go

LINE:
214


  Language: assemblyscript

TIMESTAMP:
2022-06-05 10:00:16.9609274 +0300 MSK m=+5.714813601

ERROR:
error during execution process:

ERROR TS2355: A function whose declared type is not 'void' must return a value.

 function main(req: Request): Response {
                              ~~~~~~~~
 in assembly/index.ts(12,30)

FAILURE 1 compile error(s)

FILE:
/pkg/commands/compute/build.go

LINE:
84


------------------------------


COMMAND:
fastly compute serve assembly

TIMESTAMP:
2022-06-05 10:15:52.9308295 +0300 MSK m=+0.020247701

ERROR:
unexpected 'assembly'

FILE:
/pkg/app/usage.go

LINE:
560


------------------------------


COMMAND:
fastly --completion-script-zsh

TIMESTAMP:
2022-06-05 10:19:43.2531024 +0300 MSK m=+0.012582201

ERROR:
open fastly.toml: no such file or directory

FILE:
/pkg/manifest/manifest.go

LINE:
324


------------------------------


COMMAND:
fastly serve

TIMESTAMP:
2022-06-05 10:20:22.444151 +0300 MSK m=+0.014060001

ERROR:
open fastly.toml: no such file or directory

FILE:
/pkg/manifest/manifest.go

LINE:
324


TIMESTAMP:
2022-06-05 10:20:22.4496751 +0300 MSK m=+0.019584201

ERROR:
expected command but got serve

FILE:
/pkg/app/usage.go

LINE:
560


------------------------------


COMMAND:
fastly --completion-bash serve a

TIMESTAMP:
2022-06-05 10:20:27.0936428 +0300 MSK m=+0.020057301

ERROR:
open fastly.toml: no such file or directory

FILE:
/pkg/manifest/manifest.go

LINE:
324


------------------------------


COMMAND:
fastly --completion-bash serve a

TIMESTAMP:
2022-06-05 10:20:27.9508194 +0300 MSK m=+0.019661101

ERROR:
open fastly.toml: no such file or directory

FILE:
/pkg/manifest/manifest.go

LINE:
324


------------------------------


COMMAND:
fastly compute serve

TIMESTAMP:
2022-06-05 10:20:40.96792 +0300 MSK m=+0.012442201

ERROR:
open fastly.toml: no such file or directory

FILE:
/pkg/manifest/manifest.go

LINE:
324


TIMESTAMP:
2022-06-05 10:20:40.9727044 +0300 MSK m=+0.017226901

ERROR:
error reading package manifest

FILE:
/pkg/commands/compute/build.go

LINE:
96


TIMESTAMP:
2022-06-05 10:20:40.9727396 +0300 MSK m=+0.017262001

ERROR:
error reading package manifest

FILE:
/pkg/commands/compute/build.go

LINE:
84


------------------------------


COMMAND:
fastly compute serve -watch

TIMESTAMP:
2022-06-05 10:21:04.3721291 +0300 MSK m=+0.024517001

ERROR:
unknown short flag '-w'

FILE:
/pkg/app/usage.go

LINE:
560


------------------------------


COMMAND:
fastly compute serve -w

TIMESTAMP:
2022-06-05 10:21:09.6547403 +0300 MSK m=+0.018989701

ERROR:
unknown short flag '-w'

FILE:
/pkg/app/usage.go

LINE:
560


------------------------------


COMMAND:
fastly compute serve

TIMESTAMP:
2022-06-05 10:22:42.7032227 +0300 MSK m=+88.038971301

ERROR:
error during execution process:

abort: Could not send the request in ~lib/@fastly/as-compute/fastly/fastly-upstream/fastly-upstream-request.ts(159:7)
Jun 05 10:22:18.931 ERROR request{id=0}: WebAssembly trapped: exit with invalid exit status outside of [0..126)
wasm backtrace:
    0:  0x74b - <unknown>!<wasm function 27>
    1: 0x55ea - <unknown>!<wasm function 92>
    2: 0x63c0 - <unknown>!<wasm function 99>
    3: 0x2d18 - <unknown>!<wasm function 73>

abort: Could not send the request in ~lib/@fastly/as-compute/fastly/fastly-upstream/fastly-upstream-request.ts(159:7)
Jun 05 10:22:22.072 ERROR request{id=1}: WebAssembly trapped: exit with invalid exit status outside of [0..126)
wasm backtrace:
    0:  0x74b - <unknown>!<wasm function 27>
    1: 0x55ea - <unknown>!<wasm function 92>
    2: 0x63c0 - <unknown>!<wasm function 99>
    3: 0x2d18 - <unknown>!<wasm function 73>

abort: Could not send the request in ~lib/@fastly/as-compute/fastly/fastly-upstream/fastly-upstream-request.ts(159:7)
Jun 05 10:22:39.894 ERROR request{id=2}: WebAssembly trapped: exit with invalid exit status outside of [0..126)
wasm backtrace:
    0:  0x74b - <unknown>!<wasm function 27>
    1: 0x55ea - <unknown>!<wasm function 92>
    2: 0x63c0 - <unknown>!<wasm function 99>
    3: 0x2d18 - <unknown>!<wasm function 73>

FILE:
/pkg/commands/compute/serve.go

LINE:
474


------------------------------


COMMAND:
fastly compute serve --file=bin/main.wasm --addr=127.0.0.1:7676 --watch --include-source

TIMESTAMP:
2022-06-05 10:25:49.8153665 +0300 MSK m=+146.555793101

ERROR:
error during execution process:

abort: Could not send the request in ~lib/@fastly/as-compute/fastly/fastly-upstream/fastly-upstream-request.ts(159:7)
Jun 05 10:24:03.992 ERROR request{id=0}: WebAssembly trapped: exit with invalid exit status outside of [0..126)
wasm backtrace:
    0:  0x74b - <unknown>!<wasm function 27>
    1: 0x55ea - <unknown>!<wasm function 92>
    2: 0x63c0 - <unknown>!<wasm function 99>
    3: 0x2d18 - <unknown>!<wasm function 73>

abort: Could not send the request in ~lib/@fastly/as-compute/fastly/fastly-upstream/fastly-upstream-request.ts(159:7)
Jun 05 10:24:10.698 ERROR request{id=1}: WebAssembly trapped: exit with invalid exit status outside of [0..126)
wasm backtrace:
    0:  0x74b - <unknown>!<wasm function 27>
    1: 0x55ea - <unknown>!<wasm function 92>
    2: 0x63c0 - <unknown>!<wasm function 99>
    3: 0x2d18 - <unknown>!<wasm function 73>

abort: Could not send the request in ~lib/@fastly/as-compute/fastly/fastly-upstream/fastly-upstream-request.ts(159:7)
Jun 05 10:24:35.737 ERROR request{id=2}: WebAssembly trapped: exit with invalid exit status outside of [0..126)
wasm backtrace:
    0:  0x74b - <unknown>!<wasm function 27>
    1: 0x55ea - <unknown>!<wasm function 92>
    2: 0x63c0 - <unknown>!<wasm function 99>
    3: 0x2d18 - <unknown>!<wasm function 73>

FILE:
/pkg/commands/compute/serve.go

LINE:
474


------------------------------


COMMAND:
fastly compute serve --file=bin/main.wasm --addr=127.0.0.1:7676 --watch

TIMESTAMP:
2022-06-05 10:29:26.9476109 +0300 MSK m=+72.783387401

ERROR:
error during execution process:

abort: Could not send the request in ~lib/@fastly/as-compute/fastly/fastly-upstream/fastly-upstream-request.ts(159:7)
Jun 05 10:28:50.941 ERROR request{id=0}: WebAssembly trapped: exit with invalid exit status outside of [0..126)
wasm backtrace:
    0:  0x74b - <unknown>!<wasm function 27>
    1: 0x55ea - <unknown>!<wasm function 92>
    2: 0x63c0 - <unknown>!<wasm function 99>
    3: 0x2d18 - <unknown>!<wasm function 73>

abort: Could not send the request in ~lib/@fastly/as-compute/fastly/fastly-upstream/fastly-upstream-request.ts(159:7)
Jun 05 10:28:57.199 ERROR request{id=1}: WebAssembly trapped: exit with invalid exit status outside of [0..126)
wasm backtrace:
    0:  0x74b - <unknown>!<wasm function 27>
    1: 0x55ea - <unknown>!<wasm function 92>
    2: 0x63c0 - <unknown>!<wasm function 99>
    3: 0x2d18 - <unknown>!<wasm function 73>

abort: Could not send the request in ~lib/@fastly/as-compute/fastly/fastly-upstream/fastly-upstream-request.ts(159:7)
Jun 05 10:28:59.774 ERROR request{id=2}: WebAssembly trapped: exit with invalid exit status outside of [0..126)
wasm backtrace:
    0:  0x74b - <unknown>!<wasm function 27>
    1: 0x55ea - <unknown>!<wasm function 92>
    2: 0x63c0 - <unknown>!<wasm function 99>
    3: 0x2d18 - <unknown>!<wasm function 73>

FILE:
/pkg/commands/compute/serve.go

LINE:
474


------------------------------


COMMAND:
fastly compute serve --addr=127.0.0.1:7676 --watch

TIMESTAMP:
2022-06-05 10:31:15.4314375 +0300 MSK m=+91.376031901

ERROR:
error during execution process:

abort: Could not send the request in ~lib/@fastly/as-compute/fastly/fastly-upstream/fastly-upstream-request.ts(159:7)
Jun 05 10:30:27.629 ERROR request{id=0}: WebAssembly trapped: exit with invalid exit status outside of [0..126)
wasm backtrace:
    0:  0x74b - <unknown>!<wasm function 27>
    1: 0x55ea - <unknown>!<wasm function 92>
    2: 0x63c0 - <unknown>!<wasm function 99>
    3: 0x2d18 - <unknown>!<wasm function 73>

abort: Could not send the request in ~lib/@fastly/as-compute/fastly/fastly-upstream/fastly-upstream-request.ts(159:7)
Jun 05 10:30:29.446 ERROR request{id=1}: WebAssembly trapped: exit with invalid exit status outside of [0..126)
wasm backtrace:
    0:  0x74b - <unknown>!<wasm function 27>
    1: 0x55ea - <unknown>!<wasm function 92>
    2: 0x63c0 - <unknown>!<wasm function 99>
    3: 0x2d18 - <unknown>!<wasm function 73>

abort: Could not send the request in ~lib/@fastly/as-compute/fastly/fastly-upstream/fastly-upstream-request.ts(159:7)
Jun 05 10:30:30.352 ERROR request{id=2}: WebAssembly trapped: exit with invalid exit status outside of [0..126)
wasm backtrace:
    0:  0x74b - <unknown>!<wasm function 27>
    1: 0x55ea - <unknown>!<wasm function 92>
    2: 0x63c0 - <unknown>!<wasm function 99>
    3: 0x2d18 - <unknown>!<wasm function 73>

abort: Could not send the request in ~lib/@fastly/as-compute/fastly/fastly-upstream/fastly-upstream-request.ts(159:7)
Jun 05 10:30:31.178 ERROR request{id=3}: WebAssembly trapped: exit with invalid exit status outside of [0..126)
wasm backtrace:
    0:  0x74b - <unknown>!<wasm function 27>
    1: 0x55ea - <unknown>!<wasm function 92>
    2: 0x63c0 - <unknown>!<wasm function 99>
    3: 0x2d18 - <unknown>!<wasm function 73>

abort: Could not send the request in ~lib/@fastly/as-compute/fastly/fastly-upstream/fastly-upstream-request.ts(159:7)
Jun 05 10:30:31.910 ERROR request{id=4}: WebAssembly trapped: exit with invalid exit status outside of [0..126)
wasm backtrace:
    0:  0x74b - <unknown>!<wasm function 27>
    1: 0x55ea - <unknown>!<wasm function 92>
    2: 0x63c0 - <unknown>!<wasm function 99>
    3: 0x2d18 - <unknown>!<wasm function 73>

abort: Could not send the request in ~lib/@fastly/as-compute/fastly/fastly-upstream/fastly-upstream-request.ts(159:7)
Jun 05 10:30:32.582 ERROR request{id=5}: WebAssembly trapped: exit with invalid exit status outside of [0..126)
wasm backtrace:
    0:  0x74b - <unknown>!<wasm function 27>
    1: 0x55ea - <unknown>!<wasm function 92>
    2: 0x63c0 - <unknown>!<wasm function 99>
    3: 0x2d18 - <unknown>!<wasm function 73>

abort: Could not send the request in ~lib/@fastly/as-compute/fastly/fastly-upstream/fastly-upstream-request.ts(159:7)
Jun 05 10:30:33.261 ERROR request{id=6}: WebAssembly trapped: exit with invalid exit status outside of [0..126)
wasm backtrace:
    0:  0x74b - <unknown>!<wasm function 27>
    1: 0x55ea - <unknown>!<wasm function 92>
    2: 0x63c0 - <unknown>!<wasm function 99>
    3: 0x2d18 - <unknown>!<wasm function 73>

abort: Could not send the request in ~lib/@fastly/as-compute/fastly/fastly-upstream/fastly-upstream-request.ts(159:7)
Jun 05 10:30:34.963 ERROR request{id=7}: WebAssembly trapped: exit with invalid exit status outside of [0..126)
wasm backtrace:
    0:  0x74b - <unknown>!<wasm function 27>
    1: 0x55ea - <unknown>!<wasm function 92>
    2: 0x63c0 - <unknown>!<wasm function 99>
    3: 0x2d18 - <unknown>!<wasm function 73>

abort: Could not send the request in ~lib/@fastly/as-compute/fastly/fastly-upstream/fastly-upstream-request.ts(159:7)
Jun 05 10:30:56.030 ERROR request{id=8}: WebAssembly trapped: exit with invalid exit status outside of [0..126)
wasm backtrace:
    0:  0x74b - <unknown>!<wasm function 27>
    1: 0x55ea - <unknown>!<wasm function 92>
    2: 0x63c0 - <unknown>!<wasm function 99>
    3: 0x2d18 - <unknown>!<wasm function 73>

abort: Could not send the request in ~lib/@fastly/as-compute/fastly/fastly-upstream/fastly-upstream-request.ts(159:7)
Jun 05 10:30:57.096 ERROR request{id=9}: WebAssembly trapped: exit with invalid exit status outside of [0..126)
wasm backtrace:
    0:  0x74b - <unknown>!<wasm function 27>
    1: 0x55ea - <unknown>!<wasm function 92>
    2: 0x63c0 - <unknown>!<wasm function 99>
    3: 0x2d18 - <unknown>!<wasm function 73>

abort: Could not send the request in ~lib/@fastly/as-compute/fastly/fastly-upstream/fastly-upstream-request.ts(159:7)
Jun 05 10:30:57.516 ERROR request{id=10}: WebAssembly trapped: exit with invalid exit status outside of [0..126)
wasm backtrace:
    0:  0x74b - <unknown>!<wasm function 27>
    1: 0x55ea - <unknown>!<wasm function 92>
    2: 0x63c0 - <unknown>!<wasm function 99>
    3: 0x2d18 - <unknown>!<wasm function 73>

abort: Could not send the request in ~lib/@fastly/as-compute/fastly/fastly-upstream/fastly-upstream-request.ts(159:7)
Jun 05 10:30:57.881 ERROR request{id=11}: WebAssembly trapped: exit with invalid exit status outside of [0..126)
wasm backtrace:
    0:  0x74b - <unknown>!<wasm function 27>
    1: 0x55ea - <unknown>!<wasm function 92>
    2: 0x63c0 - <unknown>!<wasm function 99>
    3: 0x2d18 - <unknown>!<wasm function 73>

abort: Could not send the request in ~lib/@fastly/as-compute/fastly/fastly-upstream/fastly-upstream-request.ts(159:7)
Jun 05 10:30:58.009 ERROR request{id=12}: WebAssembly trapped: exit with invalid exit status outside of [0..126)
wasm backtrace:
    0:  0x74b - <unknown>!<wasm function 27>
    1: 0x55ea - <unknown>!<wasm function 92>
    2: 0x63c0 - <unknown>!<wasm function 99>
    3: 0x2d18 - <unknown>!<wasm function 73>

abort: Could not send the request in ~lib/@fastly/as-compute/fastly/fastly-upstream/fastly-upstream-request.ts(159:7)
Jun 05 10:30:58.659 ERROR request{id=13}: WebAssembly trapped: exit with invalid exit status outside of [0..126)
wasm backtrace:
    0:  0x74b - <unknown>!<wasm function 27>
    1: 0x55ea - <unknown>!<wasm function 92>
    2: 0x63c0 - <unknown>!<wasm function 99>
    3: 0x2d18 - <unknown>!<wasm function 73>

FILE:
/pkg/commands/compute/serve.go

LINE:
474


------------------------------


COMMAND:
fastly compute serve --addr=127.0.0.1:7676 --watch

TIMESTAMP:
2022-06-05 10:34:14.3365616 +0300 MSK m=+173.809579601

ERROR:
error during execution process:
     Jun 05 10:34:13.206  WARN no backend definitions found in
     /home/vo0u/Projects/fastly-wasm/fastly.toml
     Jun 05 10:34:13.206  INFO Listening on http://127.0.0.1:7676
     

signal: killed

FILE:
/pkg/commands/compute/serve.go

LINE:
474


------------------------------


COMMAND:
fastly compute serve --file=bin/main.wasm --addr=127.0.0.1:7676 --include-source --skip-build --skip-verification

TIMESTAMP:
2022-06-05 10:36:29.7454876 +0300 MSK m=+55.415591801

ERROR:
error during execution process:

abort: Could not send the request in ~lib/@fastly/as-compute/fastly/fastly-upstream/fastly-upstream-request.ts(159:7)
Jun 05 10:36:00.868 ERROR request{id=0}: WebAssembly trapped: exit with invalid exit status outside of [0..126)
wasm backtrace:
    0:  0x74b - <unknown>!<wasm function 27>
    1: 0x55ea - <unknown>!<wasm function 92>
    2: 0x63c0 - <unknown>!<wasm function 99>
    3: 0x2d18 - <unknown>!<wasm function 73>

abort: Could not send the request in ~lib/@fastly/as-compute/fastly/fastly-upstream/fastly-upstream-request.ts(159:7)
Jun 05 10:36:06.790 ERROR request{id=1}: WebAssembly trapped: exit with invalid exit status outside of [0..126)
wasm backtrace:
    0:  0x74b - <unknown>!<wasm function 27>
    1: 0x55ea - <unknown>!<wasm function 92>
    2: 0x63c0 - <unknown>!<wasm function 99>
    3: 0x2d18 - <unknown>!<wasm function 73>

FILE:
/pkg/commands/compute/serve.go

LINE:
474


------------------------------


COMMAND:
fastly --completion-script-zsh

TIMESTAMP:
2022-06-05 18:05:24.8624652 +0300 MSK m=+0.176942301

ERROR:
open fastly.toml: no such file or directory

FILE:
/pkg/manifest/manifest.go

LINE:
324


------------------------------


COMMAND:
fastly --completion-script-zsh

TIMESTAMP:
2022-06-05 18:08:26.9386012 +0300 MSK m=+0.015519201

ERROR:
open fastly.toml: no such file or directory

FILE:
/pkg/manifest/manifest.go

LINE:
324


------------------------------


COMMAND:
fastly --completion-script-zsh

TIMESTAMP:
2022-06-05 18:08:45.3940177 +0300 MSK m=+0.031715901

ERROR:
open fastly.toml: no such file or directory

FILE:
/pkg/manifest/manifest.go

LINE:
324


------------------------------


COMMAND:
fastly --completion-script-zsh

TIMESTAMP:
2022-06-05 18:08:46.7393613 +0300 MSK m=+0.044582701

ERROR:
open fastly.toml: no such file or directory

FILE:
/pkg/manifest/manifest.go

LINE:
324


------------------------------


COMMAND:
fastly --completion-script-zsh

TIMESTAMP:
2022-06-05 18:09:00.5814544 +0300 MSK m=+0.014013201

ERROR:
open fastly.toml: no such file or directory

FILE:
/pkg/manifest/manifest.go

LINE:
324


------------------------------


COMMAND:
fastly --completion-script-zsh

TIMESTAMP:
2022-06-05 18:09:08.7719471 +0300 MSK m=+0.009104201

ERROR:
open fastly.toml: no such file or directory

FILE:
/pkg/manifest/manifest.go

LINE:
324


------------------------------


COMMAND:
fastly --completion-script-zsh

TIMESTAMP:
2022-06-05 20:23:36.9827889 +0300 MSK m=+0.108111401

ERROR:
open fastly.toml: no such file or directory

FILE:
/pkg/manifest/manifest.go

LINE:
324


------------------------------


COMMAND:
fastly --completion-script-zsh

TIMESTAMP:
2022-06-05 20:23:51.6036162 +0300 MSK m=+0.011592601

ERROR:
open fastly.toml: no such file or directory

FILE:
/pkg/manifest/manifest.go

LINE:
324


------------------------------


COMMAND:
fastly --completion-script-zsh

TIMESTAMP:
2022-06-05 20:26:18.5752175 +0300 MSK m=+0.020317401

ERROR:
open fastly.toml: no such file or directory

FILE:
/pkg/manifest/manifest.go

LINE:
324


------------------------------

